Using pre-set license
Built from '2021.3/staging' branch; Version is '2021.3.20f1 (577897200b8b) revision 5732503'; Using compiler version '192829333'; Build Type 'Release'
OS: 'Windows 11  (10.0.22621) 64bit CoreSingleLanguage' Language: 'es' Physical Memory: 8032 MB
BatchMode: 1, IsHumanControllingUs: 0, StartBugReporterOnCrash: 0, Is64bit: 1, IsPro: 1

COMMAND LINE ARGUMENTS:
C:\Program Files\Unity\Hub\Editor\2021.3.20f1\Editor\Unity.exe
-adb2
-batchMode
-noUpm
-name
AssetImportWorker0
-projectPath
C:/Users/pablo/Documents/Trabajos/Personal/Unity/Contra todo riesgo
-logFile
Logs/AssetImportWorker0.log
-srvPort
63242
Successfully changed project path to: C:/Users/pablo/Documents/Trabajos/Personal/Unity/Contra todo riesgo
C:/Users/pablo/Documents/Trabajos/Personal/Unity/Contra todo riesgo
[UnityMemory] Configuration Parameters - Can be set up in boot.config
    "memorysetup-bucket-allocator-granularity=16"
    "memorysetup-bucket-allocator-bucket-count=8"
    "memorysetup-bucket-allocator-block-size=33554432"
    "memorysetup-bucket-allocator-block-count=8"
    "memorysetup-main-allocator-block-size=16777216"
    "memorysetup-thread-allocator-block-size=16777216"
    "memorysetup-gfx-main-allocator-block-size=16777216"
    "memorysetup-gfx-thread-allocator-block-size=16777216"
    "memorysetup-cache-allocator-block-size=4194304"
    "memorysetup-typetree-allocator-block-size=2097152"
    "memorysetup-profiler-bucket-allocator-granularity=16"
    "memorysetup-profiler-bucket-allocator-bucket-count=8"
    "memorysetup-profiler-bucket-allocator-block-size=33554432"
    "memorysetup-profiler-bucket-allocator-block-count=8"
    "memorysetup-profiler-allocator-block-size=16777216"
    "memorysetup-profiler-editor-allocator-block-size=1048576"
    "memorysetup-temp-allocator-size-main=16777216"
    "memorysetup-job-temp-allocator-block-size=2097152"
    "memorysetup-job-temp-allocator-block-size-background=1048576"
    "memorysetup-job-temp-allocator-reduction-small-platforms=262144"
    "memorysetup-temp-allocator-size-background-worker=32768"
    "memorysetup-temp-allocator-size-job-worker=262144"
    "memorysetup-temp-allocator-size-preload-manager=33554432"
    "memorysetup-temp-allocator-size-nav-mesh-worker=65536"
    "memorysetup-temp-allocator-size-audio-worker=65536"
    "memorysetup-temp-allocator-size-cloud-worker=32768"
    "memorysetup-temp-allocator-size-gi-baking-worker=262144"
    "memorysetup-temp-allocator-size-gfx=262144"
Player connection [7008] Host "[IP] 172.16.0.186 [Port] 0 [Flags] 2 [Guid] 4249327993 [EditorId] 4249327993 [Version] 1048832 [Id] WindowsEditor(7,Portablo) [Debug] 1 [PackageName] WindowsEditor [ProjectName] Editor" joined multi-casting on [225.0.0.222:54997]...

Player connection [7008] Host "[IP] 172.16.0.186 [Port] 0 [Flags] 2 [Guid] 4249327993 [EditorId] 4249327993 [Version] 1048832 [Id] WindowsEditor(7,Portablo) [Debug] 1 [PackageName] WindowsEditor [ProjectName] Editor" joined alternative multi-casting on [225.0.0.222:34997]...

Refreshing native plugins compatible for Editor in 99.35 ms, found 3 plugins.
Preloading 0 native plugins for Editor in 0.00 ms.
Initialize engine version: 2021.3.20f1 (577897200b8b)
[Subsystems] Discovering subsystems at path C:/Program Files/Unity/Hub/Editor/2021.3.20f1/Editor/Data/Resources/UnitySubsystems
[Subsystems] Discovering subsystems at path C:/Users/pablo/Documents/Trabajos/Personal/Unity/Contra todo riesgo/Assets
GfxDevice: creating device client; threaded=0; jobified=0
Direct3D:
    Version:  Direct3D 11.0 [level 11.1]
    Renderer: Intel(R) UHD Graphics (ID=0x9b41)
    Vendor:   Intel
    VRAM:     4016 MB
    Driver:   27.20.100.9365
Initialize mono
Mono path[0] = 'C:/Program Files/Unity/Hub/Editor/2021.3.20f1/Editor/Data/Managed'
Mono path[1] = 'C:/Program Files/Unity/Hub/Editor/2021.3.20f1/Editor/Data/MonoBleedingEdge/lib/mono/unityjit-win32'
Mono config path = 'C:/Program Files/Unity/Hub/Editor/2021.3.20f1/Editor/Data/MonoBleedingEdge/etc'
Using monoOptions --debugger-agent=transport=dt_socket,embedding=1,server=y,suspend=n,address=127.0.0.1:56836
Begin MonoManager ReloadAssembly
Registering precompiled unity dll's ...
Register platform support module: C:/Program Files/Unity/Hub/Editor/2021.3.20f1/Editor/Data/PlaybackEngines/WebGLSupport/UnityEditor.WebGL.Extensions.dll
Register platform support module: C:/Program Files/Unity/Hub/Editor/2021.3.20f1/Editor/Data/PlaybackEngines/AndroidPlayer/UnityEditor.Android.Extensions.dll
Register platform support module: C:/Program Files/Unity/Hub/Editor/2021.3.20f1/Editor/Data/PlaybackEngines/WindowsStandaloneSupport/UnityEditor.WindowsStandalone.Extensions.dll
Registered in 0.006090 seconds.
Native extension for WindowsStandalone target not found
Native extension for Android target not found
Android Extension - Scanning For ADB Devices 312 ms
Native extension for WebGL target not found
Refreshing native plugins compatible for Editor in 96.28 ms, found 3 plugins.
Preloading 0 native plugins for Editor in 0.00 ms.
Mono: successfully reloaded assembly
- Completed reload, in  1.146 seconds
Domain Reload Profiling:
	ReloadAssembly (1147ms)
		BeginReloadAssembly (112ms)
			ExecutionOrderSort (0ms)
			DisableScriptedObjects (0ms)
			BackupInstance (0ms)
			ReleaseScriptingObjects (0ms)
			CreateAndSetChildDomain (1ms)
		EndReloadAssembly (911ms)
			LoadAssemblies (110ms)
			RebuildTransferFunctionScriptingTraits (0ms)
			SetupTypeCache (134ms)
			ReleaseScriptCaches (0ms)
			RebuildScriptCaches (44ms)
			SetupLoadedEditorAssemblies (674ms)
				LogAssemblyErrors (0ms)
				InitializePlatformSupportModulesInManaged (394ms)
				SetLoadedEditorAssemblies (1ms)
				RefreshPlugins (96ms)
				BeforeProcessingInitializeOnLoad (4ms)
				ProcessInitializeOnLoadAttributes (121ms)
				ProcessInitializeOnLoadMethodAttributes (57ms)
				AfterProcessingInitializeOnLoad (0ms)
				EditorAssembliesLoaded (0ms)
			ExecutionOrderSort2 (0ms)
			AwakeInstancesAfterBackupRestoration (0ms)
Platform modules already initialized, skipping
Registering precompiled user dll's ...
Registered in 0.005917 seconds.
Begin MonoManager ReloadAssembly
Symbol file LoadedFromMemory doesn't match image C:\Users\pablo\Documents\Trabajos\Personal\Unity\Contra todo riesgo\Library\PackageCache\com.unity.visualscripting@1.8.0\Editor\VisualScripting.Core\Dependencies\YamlDotNet\Unity.VisualScripting.YamlDotNet.dll
Symbol file LoadedFromMemory doesn't match image C:\Users\pablo\Documents\Trabajos\Personal\Unity\Contra todo riesgo\Library\PackageCache\com.unity.visualscripting@1.8.0\Editor\VisualScripting.Core\Dependencies\DotNetZip\Unity.VisualScripting.IonicZip.dll
Native extension for WindowsStandalone target not found
Native extension for Android target not found
Native extension for WebGL target not found
Refreshing native plugins compatible for Editor in 0.73 ms, found 3 plugins.
Preloading 0 native plugins for Editor in 0.00 ms.
Mono: successfully reloaded assembly
- Completed reload, in  1.357 seconds
Domain Reload Profiling:
	ReloadAssembly (1358ms)
		BeginReloadAssembly (192ms)
			ExecutionOrderSort (0ms)
			DisableScriptedObjects (7ms)
			BackupInstance (0ms)
			ReleaseScriptingObjects (0ms)
			CreateAndSetChildDomain (24ms)
		EndReloadAssembly (1028ms)
			LoadAssemblies (149ms)
			RebuildTransferFunctionScriptingTraits (0ms)
			SetupTypeCache (345ms)
			ReleaseScriptCaches (1ms)
			RebuildScriptCaches (73ms)
			SetupLoadedEditorAssemblies (455ms)
				LogAssemblyErrors (0ms)
				InitializePlatformSupportModulesInManaged (24ms)
				SetLoadedEditorAssemblies (1ms)
				RefreshPlugins (1ms)
				BeforeProcessingInitializeOnLoad (123ms)
				ProcessInitializeOnLoadAttributes (277ms)
				ProcessInitializeOnLoadMethodAttributes (23ms)
				AfterProcessingInitializeOnLoad (6ms)
				EditorAssembliesLoaded (0ms)
			ExecutionOrderSort2 (0ms)
			AwakeInstancesAfterBackupRestoration (6ms)
Platform modules already initialized, skipping
========================================================================
Worker process is ready to serve import requests
Launched and connected shader compiler UnityShaderCompiler.exe after 0.07 seconds
Refreshing native plugins compatible for Editor in 0.65 ms, found 3 plugins.
Preloading 0 native plugins for Editor in 0.00 ms.
Unloading 3090 Unused Serialized files (Serialized files now loaded: 0)
Unloading 22 unused Assets / (56.1 KB). Loaded Objects now: 3555.
Memory consumption went from 109.1 MB to 109.0 MB.
Total: 2.963100 ms (FindLiveObjects: 0.268100 ms CreateObjectMapping: 0.213500 ms MarkObjects: 2.367400 ms  DeleteObjects: 0.112100 ms)

AssetImportParameters requested are different than current active one (requested -> active):
  custom:video-decoder-ogg-theora: a1e56fd34408186e4bbccfd4996cb3dc -> 
  custom:container-muxer-webm: aa71ff27fc2769a1b78a27578f13a17b -> 
  custom:container-demuxer-webm: 4f35f7cbe854078d1ac9338744f61a02 -> 
  custom:video-encoder-webm-vp8: eb34c28f22e8b96e1ab97ce403110664 -> 
  custom:video-codec-MediaFoundation-h265: 746d11721c4dcdbdad8f713fa42b33f4 -> 
  custom:audio-encoder-webm-vorbis: bf7c407c2cedff20999df2af8eb42d56 -> 
  custom:framework-win-MediaFoundation: 216162199b28c13a410421893ffa2e32 -> 
  custom:container-demuxer-ogg: 62fdf1f143b41e24485cea50d1cbac27 -> 
  custom:video-decoder-webm-vp8: 9c59270c3fd7afecdb556c50c9e8de78 -> 
  custom:audio-decoder-ogg-vorbis: bf7c407c2cedff20999df2af8eb42d56 -> 
========================================================================
Received Import Request.
  Time since last request: 1352724.821068 seconds.
  path: Assets/Sprites/CTR-fondo.png
  artifactKey: Guid(023a3715d31583445b6da42027415857) Importer(815301076,1909f56bfc062723c751e8b465ee728b)
Start importing Assets/Sprites/CTR-fondo.png using Guid(023a3715d31583445b6da42027415857) Importer(815301076,1909f56bfc062723c751e8b465ee728b)  -> (artifact id: 'b57797627637c67e6b57e6b2fd14574f') in 0.085659 seconds 
========================================================================
Received Import Request.
  Time since last request: 6.680043 seconds.
  path: Assets/Sprites/CTR-fondo.png
  artifactKey: Guid(023a3715d31583445b6da42027415857) Importer(815301076,1909f56bfc062723c751e8b465ee728b)
Start importing Assets/Sprites/CTR-fondo.png using Guid(023a3715d31583445b6da42027415857) Importer(815301076,1909f56bfc062723c751e8b465ee728b)  -> (artifact id: '1850c73754480ec85c0dce2d85f2b00d') in 0.068244 seconds 
========================================================================
Received Import Request.
  Time since last request: 24.209366 seconds.
  path: Assets/Sprites/CTR-spritesheet.png
  artifactKey: Guid(0d0cb43ed370df84180209272bb17fd8) Importer(815301076,1909f56bfc062723c751e8b465ee728b)
Start importing Assets/Sprites/CTR-spritesheet.png using Guid(0d0cb43ed370df84180209272bb17fd8) Importer(815301076,1909f56bfc062723c751e8b465ee728b)  -> (artifact id: '2082dc65e64c1cc61b13ff32f8a22f01') in 0.074034 seconds 
========================================================================
Received Prepare
Registering precompiled user dll's ...
Registered in 0.003715 seconds.
Begin MonoManager ReloadAssembly
Symbol file LoadedFromMemory doesn't match image C:\Users\pablo\Documents\Trabajos\Personal\Unity\Contra todo riesgo\Library\PackageCache\com.unity.visualscripting@1.8.0\Editor\VisualScripting.Core\Dependencies\YamlDotNet\Unity.VisualScripting.YamlDotNet.dll
Symbol file LoadedFromMemory doesn't match image C:\Users\pablo\Documents\Trabajos\Personal\Unity\Contra todo riesgo\Library\PackageCache\com.unity.visualscripting@1.8.0\Editor\VisualScripting.Core\Dependencies\DotNetZip\Unity.VisualScripting.IonicZip.dll
Native extension for WindowsStandalone target not found
Native extension for Android target not found
Native extension for WebGL target not found
Refreshing native plugins compatible for Editor in 0.70 ms, found 3 plugins.
Preloading 0 native plugins for Editor in 0.00 ms.
Mono: successfully reloaded assembly
- Completed reload, in  1.992 seconds
Domain Reload Profiling:
	ReloadAssembly (1993ms)
		BeginReloadAssembly (178ms)
			ExecutionOrderSort (0ms)
			DisableScriptedObjects (7ms)
			BackupInstance (0ms)
			ReleaseScriptingObjects (0ms)
			CreateAndSetChildDomain (40ms)
		EndReloadAssembly (1716ms)
			LoadAssemblies (125ms)
			RebuildTransferFunctionScriptingTraits (0ms)
			SetupTypeCache (415ms)
			ReleaseScriptCaches (5ms)
			RebuildScriptCaches (149ms)
			SetupLoadedEditorAssemblies (791ms)
				LogAssemblyErrors (0ms)
				InitializePlatformSupportModulesInManaged (63ms)
				SetLoadedEditorAssemblies (1ms)
				RefreshPlugins (1ms)
				BeforeProcessingInitializeOnLoad (168ms)
				ProcessInitializeOnLoadAttributes (495ms)
				ProcessInitializeOnLoadMethodAttributes (52ms)
				AfterProcessingInitializeOnLoad (11ms)
				EditorAssembliesLoaded (1ms)
			ExecutionOrderSort2 (0ms)
			AwakeInstancesAfterBackupRestoration (16ms)
Platform modules already initialized, skipping
Refreshing native plugins compatible for Editor in 3.62 ms, found 3 plugins.
Preloading 0 native plugins for Editor in 0.00 ms.
Unloading 3083 Unused Serialized files (Serialized files now loaded: 0)
Unloading 15 unused Assets / (24.7 KB). Loaded Objects now: 3582.
Memory consumption went from 113.1 MB to 113.1 MB.
Total: 9.831800 ms (FindLiveObjects: 0.525400 ms CreateObjectMapping: 1.942300 ms MarkObjects: 7.241300 ms  DeleteObjects: 0.120700 ms)

AssetImportParameters requested are different than current active one (requested -> active):
  custom:video-decoder-ogg-theora: a1e56fd34408186e4bbccfd4996cb3dc -> 
  custom:container-muxer-webm: aa71ff27fc2769a1b78a27578f13a17b -> 
  custom:container-demuxer-webm: 4f35f7cbe854078d1ac9338744f61a02 -> 
  custom:video-encoder-webm-vp8: eb34c28f22e8b96e1ab97ce403110664 -> 
  custom:video-codec-MediaFoundation-h265: 746d11721c4dcdbdad8f713fa42b33f4 -> 
  custom:audio-encoder-webm-vorbis: bf7c407c2cedff20999df2af8eb42d56 -> 
  custom:framework-win-MediaFoundation: 216162199b28c13a410421893ffa2e32 -> 
  custom:container-demuxer-ogg: 62fdf1f143b41e24485cea50d1cbac27 -> 
  custom:video-decoder-webm-vp8: 9c59270c3fd7afecdb556c50c9e8de78 -> 
  custom:audio-decoder-ogg-vorbis: bf7c407c2cedff20999df2af8eb42d56 -> 
========================================================================
Received Import Request.
  Time since last request: 203.135872 seconds.
  path: Assets/Sprites/CTR-fondo.png
  artifactKey: Guid(023a3715d31583445b6da42027415857) Importer(815301076,1909f56bfc062723c751e8b465ee728b)
Start importing Assets/Sprites/CTR-fondo.png using Guid(023a3715d31583445b6da42027415857) Importer(815301076,1909f56bfc062723c751e8b465ee728b)  -> (artifact id: 'c1402d742d7b0f9ceb8389833f98bcca') in 0.071736 seconds 
========================================================================
Received Prepare
Registering precompiled user dll's ...
Registered in 0.004134 seconds.
Begin MonoManager ReloadAssembly
Symbol file LoadedFromMemory doesn't match image C:\Users\pablo\Documents\Trabajos\Personal\Unity\Contra todo riesgo\Library\PackageCache\com.unity.visualscripting@1.8.0\Editor\VisualScripting.Core\Dependencies\YamlDotNet\Unity.VisualScripting.YamlDotNet.dll
Symbol file LoadedFromMemory doesn't match image C:\Users\pablo\Documents\Trabajos\Personal\Unity\Contra todo riesgo\Library\PackageCache\com.unity.visualscripting@1.8.0\Editor\VisualScripting.Core\Dependencies\DotNetZip\Unity.VisualScripting.IonicZip.dll
Native extension for WindowsStandalone target not found
Native extension for Android target not found
Native extension for WebGL target not found
Refreshing native plugins compatible for Editor in 2.20 ms, found 3 plugins.
Preloading 0 native plugins for Editor in 0.00 ms.
Mono: successfully reloaded assembly
- Completed reload, in  2.081 seconds
Domain Reload Profiling:
	ReloadAssembly (2082ms)
		BeginReloadAssembly (171ms)
			ExecutionOrderSort (0ms)
			DisableScriptedObjects (6ms)
			BackupInstance (0ms)
			ReleaseScriptingObjects (0ms)
			CreateAndSetChildDomain (43ms)
		EndReloadAssembly (1808ms)
			LoadAssemblies (112ms)
			RebuildTransferFunctionScriptingTraits (0ms)
			SetupTypeCache (698ms)
			ReleaseScriptCaches (3ms)
			RebuildScriptCaches (123ms)
			SetupLoadedEditorAssemblies (714ms)
				LogAssemblyErrors (0ms)
				InitializePlatformSupportModulesInManaged (57ms)
				SetLoadedEditorAssemblies (2ms)
				RefreshPlugins (2ms)
				BeforeProcessingInitializeOnLoad (131ms)
				ProcessInitializeOnLoadAttributes (460ms)
				ProcessInitializeOnLoadMethodAttributes (50ms)
				AfterProcessingInitializeOnLoad (10ms)
				EditorAssembliesLoaded (1ms)
			ExecutionOrderSort2 (0ms)
			AwakeInstancesAfterBackupRestoration (15ms)
Platform modules already initialized, skipping
Refreshing native plugins compatible for Editor in 3.56 ms, found 3 plugins.
Preloading 0 native plugins for Editor in 0.00 ms.
Unloading 3083 Unused Serialized files (Serialized files now loaded: 0)
Unloading 15 unused Assets / (24.6 KB). Loaded Objects now: 3585.
Memory consumption went from 113.2 MB to 113.1 MB.
Total: 9.632000 ms (FindLiveObjects: 1.558600 ms CreateObjectMapping: 0.996400 ms MarkObjects: 6.974800 ms  DeleteObjects: 0.096900 ms)

AssetImportParameters requested are different than current active one (requested -> active):
  custom:video-decoder-ogg-theora: a1e56fd34408186e4bbccfd4996cb3dc -> 
  custom:container-muxer-webm: aa71ff27fc2769a1b78a27578f13a17b -> 
  custom:container-demuxer-webm: 4f35f7cbe854078d1ac9338744f61a02 -> 
  custom:video-encoder-webm-vp8: eb34c28f22e8b96e1ab97ce403110664 -> 
  custom:video-codec-MediaFoundation-h265: 746d11721c4dcdbdad8f713fa42b33f4 -> 
  custom:audio-encoder-webm-vorbis: bf7c407c2cedff20999df2af8eb42d56 -> 
  custom:framework-win-MediaFoundation: 216162199b28c13a410421893ffa2e32 -> 
  custom:container-demuxer-ogg: 62fdf1f143b41e24485cea50d1cbac27 -> 
  custom:video-decoder-webm-vp8: 9c59270c3fd7afecdb556c50c9e8de78 -> 
  custom:audio-decoder-ogg-vorbis: bf7c407c2cedff20999df2af8eb42d56 -> 
========================================================================
Received Import Request.
  Time since last request: 8.254523 seconds.
  path: Assets/Sprites/CTR-fondo.png
  artifactKey: Guid(023a3715d31583445b6da42027415857) Importer(815301076,1909f56bfc062723c751e8b465ee728b)
Start importing Assets/Sprites/CTR-fondo.png using Guid(023a3715d31583445b6da42027415857) Importer(815301076,1909f56bfc062723c751e8b465ee728b)  -> (artifact id: 'b948b7330cfd6708cf55570459d54027') in 0.180612 seconds 
========================================================================
Received Prepare
Registering precompiled user dll's ...
Registered in 0.004930 seconds.
Begin MonoManager ReloadAssembly
Symbol file LoadedFromMemory doesn't match image C:\Users\pablo\Documents\Trabajos\Personal\Unity\Contra todo riesgo\Library\PackageCache\com.unity.visualscripting@1.8.0\Editor\VisualScripting.Core\Dependencies\YamlDotNet\Unity.VisualScripting.YamlDotNet.dll
Symbol file LoadedFromMemory doesn't match image C:\Users\pablo\Documents\Trabajos\Personal\Unity\Contra todo riesgo\Library\PackageCache\com.unity.visualscripting@1.8.0\Editor\VisualScripting.Core\Dependencies\DotNetZip\Unity.VisualScripting.IonicZip.dll
Native extension for WindowsStandalone target not found
Native extension for Android target not found
Native extension for WebGL target not found
Refreshing native plugins compatible for Editor in 0.90 ms, found 3 plugins.
Preloading 0 native plugins for Editor in 0.00 ms.
Mono: successfully reloaded assembly
- Completed reload, in  1.937 seconds
Domain Reload Profiling:
	ReloadAssembly (1938ms)
		BeginReloadAssembly (172ms)
			ExecutionOrderSort (0ms)
			DisableScriptedObjects (7ms)
			BackupInstance (0ms)
			ReleaseScriptingObjects (0ms)
			CreateAndSetChildDomain (45ms)
		EndReloadAssembly (1663ms)
			LoadAssemblies (111ms)
			RebuildTransferFunctionScriptingTraits (0ms)
			SetupTypeCache (400ms)
			ReleaseScriptCaches (4ms)
			RebuildScriptCaches (124ms)
			SetupLoadedEditorAssemblies (883ms)
				LogAssemblyErrors (0ms)
				InitializePlatformSupportModulesInManaged (46ms)
				SetLoadedEditorAssemblies (1ms)
				RefreshPlugins (1ms)
				BeforeProcessingInitializeOnLoad (115ms)
				ProcessInitializeOnLoadAttributes (660ms)
				ProcessInitializeOnLoadMethodAttributes (51ms)
				AfterProcessingInitializeOnLoad (9ms)
				EditorAssembliesLoaded (0ms)
			ExecutionOrderSort2 (0ms)
			AwakeInstancesAfterBackupRestoration (12ms)
Platform modules already initialized, skipping
Refreshing native plugins compatible for Editor in 3.47 ms, found 3 plugins.
Preloading 0 native plugins for Editor in 0.00 ms.
Unloading 3083 Unused Serialized files (Serialized files now loaded: 0)
Unloading 15 unused Assets / (24.7 KB). Loaded Objects now: 3588.
Memory consumption went from 113.2 MB to 113.1 MB.
Total: 6.327900 ms (FindLiveObjects: 0.598300 ms CreateObjectMapping: 0.489600 ms MarkObjects: 5.190800 ms  DeleteObjects: 0.046800 ms)

AssetImportParameters requested are different than current active one (requested -> active):
  custom:video-decoder-ogg-theora: a1e56fd34408186e4bbccfd4996cb3dc -> 
  custom:container-muxer-webm: aa71ff27fc2769a1b78a27578f13a17b -> 
  custom:container-demuxer-webm: 4f35f7cbe854078d1ac9338744f61a02 -> 
  custom:video-encoder-webm-vp8: eb34c28f22e8b96e1ab97ce403110664 -> 
  custom:video-codec-MediaFoundation-h265: 746d11721c4dcdbdad8f713fa42b33f4 -> 
  custom:audio-encoder-webm-vorbis: bf7c407c2cedff20999df2af8eb42d56 -> 
  custom:framework-win-MediaFoundation: 216162199b28c13a410421893ffa2e32 -> 
  custom:container-demuxer-ogg: 62fdf1f143b41e24485cea50d1cbac27 -> 
  custom:video-decoder-webm-vp8: 9c59270c3fd7afecdb556c50c9e8de78 -> 
  custom:audio-decoder-ogg-vorbis: bf7c407c2cedff20999df2af8eb42d56 -> 
========================================================================
Received Import Request.
  Time since last request: 53.598029 seconds.
  path: Assets/Scenes/Level2.unity
  artifactKey: Guid(8b02acad6d0c03f4583b4cc091cc6238) Importer(815301076,1909f56bfc062723c751e8b465ee728b)
Start importing Assets/Scenes/Level2.unity using Guid(8b02acad6d0c03f4583b4cc091cc6238) Importer(815301076,1909f56bfc062723c751e8b465ee728b)  -> (artifact id: '220aaa66cfdbee5184a40da8c844b360') in 0.016979 seconds 
========================================================================
Received Import Request.
  Time since last request: 38.524476 seconds.
  path: Assets/Sprites/CTR-spritesheet.png
  artifactKey: Guid(0d0cb43ed370df84180209272bb17fd8) Importer(815301076,1909f56bfc062723c751e8b465ee728b)
Start importing Assets/Sprites/CTR-spritesheet.png using Guid(0d0cb43ed370df84180209272bb17fd8) Importer(815301076,1909f56bfc062723c751e8b465ee728b)  -> (artifact id: '24cd6aea213b76d9007f1e11edc414d0') in 0.151370 seconds 
========================================================================
Received Prepare
Registering precompiled user dll's ...
Registered in 0.003717 seconds.
Begin MonoManager ReloadAssembly
Symbol file LoadedFromMemory doesn't match image C:\Users\pablo\Documents\Trabajos\Personal\Unity\Contra todo riesgo\Library\PackageCache\com.unity.visualscripting@1.8.0\Editor\VisualScripting.Core\Dependencies\YamlDotNet\Unity.VisualScripting.YamlDotNet.dll
Symbol file LoadedFromMemory doesn't match image C:\Users\pablo\Documents\Trabajos\Personal\Unity\Contra todo riesgo\Library\PackageCache\com.unity.visualscripting@1.8.0\Editor\VisualScripting.Core\Dependencies\DotNetZip\Unity.VisualScripting.IonicZip.dll
Native extension for WindowsStandalone target not found
Native extension for Android target not found
Native extension for WebGL target not found
Refreshing native plugins compatible for Editor in 1.28 ms, found 3 plugins.
Preloading 0 native plugins for Editor in 0.00 ms.
Mono: successfully reloaded assembly
- Completed reload, in  1.571 seconds
Domain Reload Profiling:
	ReloadAssembly (1573ms)
		BeginReloadAssembly (171ms)
			ExecutionOrderSort (0ms)
			DisableScriptedObjects (6ms)
			BackupInstance (0ms)
			ReleaseScriptingObjects (0ms)
			CreateAndSetChildDomain (38ms)
		EndReloadAssembly (1280ms)
			LoadAssemblies (120ms)
			RebuildTransferFunctionScriptingTraits (0ms)
			SetupTypeCache (361ms)
			ReleaseScriptCaches (2ms)
			RebuildScriptCaches (99ms)
			SetupLoadedEditorAssemblies (597ms)
				LogAssemblyErrors (0ms)
				InitializePlatformSupportModulesInManaged (44ms)
				SetLoadedEditorAssemblies (1ms)
				RefreshPlugins (1ms)
				BeforeProcessingInitializeOnLoad (119ms)
				ProcessInitializeOnLoadAttributes (388ms)
				ProcessInitializeOnLoadMethodAttributes (37ms)
				AfterProcessingInitializeOnLoad (8ms)
				EditorAssembliesLoaded (0ms)
			ExecutionOrderSort2 (0ms)
			AwakeInstancesAfterBackupRestoration (11ms)
Platform modules already initialized, skipping
Refreshing native plugins compatible for Editor in 2.45 ms, found 3 plugins.
Preloading 0 native plugins for Editor in 0.00 ms.
Unloading 3083 Unused Serialized files (Serialized files now loaded: 0)
Unloading 15 unused Assets / (24.7 KB). Loaded Objects now: 3591.
Memory consumption went from 113.2 MB to 113.2 MB.
Total: 5.606900 ms (FindLiveObjects: 0.413000 ms CreateObjectMapping: 0.782600 ms MarkObjects: 4.278100 ms  DeleteObjects: 0.129400 ms)

AssetImportParameters requested are different than current active one (requested -> active):
  custom:video-decoder-ogg-theora: a1e56fd34408186e4bbccfd4996cb3dc -> 
  custom:container-muxer-webm: aa71ff27fc2769a1b78a27578f13a17b -> 
  custom:container-demuxer-webm: 4f35f7cbe854078d1ac9338744f61a02 -> 
  custom:video-encoder-webm-vp8: eb34c28f22e8b96e1ab97ce403110664 -> 
  custom:video-codec-MediaFoundation-h265: 746d11721c4dcdbdad8f713fa42b33f4 -> 
  custom:audio-encoder-webm-vorbis: bf7c407c2cedff20999df2af8eb42d56 -> 
  custom:framework-win-MediaFoundation: 216162199b28c13a410421893ffa2e32 -> 
  custom:container-demuxer-ogg: 62fdf1f143b41e24485cea50d1cbac27 -> 
  custom:video-decoder-webm-vp8: 9c59270c3fd7afecdb556c50c9e8de78 -> 
  custom:audio-decoder-ogg-vorbis: bf7c407c2cedff20999df2af8eb42d56 -> 
========================================================================
Received Import Request.
  Time since last request: 128.907524 seconds.
  path: Assets/Scenes/Menu.unity
  artifactKey: Guid(af5aa485d76a59840b32b243c69de95f) Importer(815301076,1909f56bfc062723c751e8b465ee728b)
Start importing Assets/Scenes/Menu.unity using Guid(af5aa485d76a59840b32b243c69de95f) Importer(815301076,1909f56bfc062723c751e8b465ee728b)  -> (artifact id: '8d5f00c522b09ba5fa15b98f08c54ab0') in 0.017919 seconds 
========================================================================
Received Import Request.
  Time since last request: 448.996610 seconds.
  path: Assets/Scenes/Credits.unity
  artifactKey: Guid(c476795f627002f42968789de0ff587f) Importer(815301076,1909f56bfc062723c751e8b465ee728b)
Start importing Assets/Scenes/Credits.unity using Guid(c476795f627002f42968789de0ff587f) Importer(815301076,1909f56bfc062723c751e8b465ee728b)  -> (artifact id: 'c121e844c78ff1d24a3a50eb67bb70d5') in 0.016257 seconds 
========================================================================
Received Import Request.
  Time since last request: 325.548401 seconds.
  path: Assets/Sprites/CTR-spritesheet.png
  artifactKey: Guid(0d0cb43ed370df84180209272bb17fd8) Importer(815301076,1909f56bfc062723c751e8b465ee728b)
Start importing Assets/Sprites/CTR-spritesheet.png using Guid(0d0cb43ed370df84180209272bb17fd8) Importer(815301076,1909f56bfc062723c751e8b465ee728b)  -> (artifact id: 'ef82f4d9ea09a2a4558483725c24c4be') in 0.097791 seconds 
========================================================================
Received Import Request.
  Time since last request: 22.412337 seconds.
  path: Assets/Sprites/CTR-spritesheet.png
  artifactKey: Guid(0d0cb43ed370df84180209272bb17fd8) Importer(815301076,1909f56bfc062723c751e8b465ee728b)
Start importing Assets/Sprites/CTR-spritesheet.png using Guid(0d0cb43ed370df84180209272bb17fd8) Importer(815301076,1909f56bfc062723c751e8b465ee728b)  -> (artifact id: '7d9597256b874a7dd4137e27786dd2fe') in 0.067487 seconds 
========================================================================
Received Import Request.
  Time since last request: 80.487081 seconds.
  path: Assets/Sprites/CTR-spritesheet.png
  artifactKey: Guid(0d0cb43ed370df84180209272bb17fd8) Importer(815301076,1909f56bfc062723c751e8b465ee728b)
Start importing Assets/Sprites/CTR-spritesheet.png using Guid(0d0cb43ed370df84180209272bb17fd8) Importer(815301076,1909f56bfc062723c751e8b465ee728b)  -> (artifact id: 'f75771729a55bba344bb179a742be8f6') in 0.229219 seconds 
========================================================================
Received Import Request.
  Time since last request: 10.969766 seconds.
  path: Assets/Sprites/CTR-spritesheet.png
  artifactKey: Guid(0d0cb43ed370df84180209272bb17fd8) Importer(815301076,1909f56bfc062723c751e8b465ee728b)
Start importing Assets/Sprites/CTR-spritesheet.png using Guid(0d0cb43ed370df84180209272bb17fd8) Importer(815301076,1909f56bfc062723c751e8b465ee728b)  -> (artifact id: '0f76d874b991144f360ed3adbbb55e40') in 0.070158 seconds 
========================================================================
Received Import Request.
  Time since last request: 101.227529 seconds.
  path: Assets/Scenes/Menu.unity
  artifactKey: Guid(af5aa485d76a59840b32b243c69de95f) Importer(815301076,1909f56bfc062723c751e8b465ee728b)
Start importing Assets/Scenes/Menu.unity using Guid(af5aa485d76a59840b32b243c69de95f) Importer(815301076,1909f56bfc062723c751e8b465ee728b)  -> (artifact id: '349d55c25bfe9048554c3d4fa347a135') in 0.002408 seconds 
========================================================================
Received Import Request.
  Time since last request: 16.268554 seconds.
  path: Assets/Scenes/Level.unity
  artifactKey: Guid(f29b032815792594f97c0fb7f4961d6f) Importer(815301076,1909f56bfc062723c751e8b465ee728b)
Start importing Assets/Scenes/Level.unity using Guid(f29b032815792594f97c0fb7f4961d6f) Importer(815301076,1909f56bfc062723c751e8b465ee728b)  -> (artifact id: '44092456cb48ae868c7e955f5383327f') in 0.014334 seconds 
========================================================================
Received Import Request.
  Time since last request: 26.783039 seconds.
  path: Assets/Gameobject/Obstacle 1.prefab
  artifactKey: Guid(0fa62f8dc3d4dba46b2cac584bf41ee7) Importer(815301076,1909f56bfc062723c751e8b465ee728b)
Start importing Assets/Gameobject/Obstacle 1.prefab using Guid(0fa62f8dc3d4dba46b2cac584bf41ee7) Importer(815301076,1909f56bfc062723c751e8b465ee728b)  -> (artifact id: '257590073b8e8de3ba7fd8046cad4e20') in 0.058769 seconds 
========================================================================
Received Import Request.
  Time since last request: 29.585058 seconds.
  path: Assets/Gameobject/Obstacle 2 Variant.prefab
  artifactKey: Guid(15a24346d28b357459b0bbc10c77d8fc) Importer(815301076,1909f56bfc062723c751e8b465ee728b)
Start importing Assets/Gameobject/Obstacle 2 Variant.prefab using Guid(15a24346d28b357459b0bbc10c77d8fc) Importer(815301076,1909f56bfc062723c751e8b465ee728b)  -> (artifact id: '1115625dee9408bb6ef07fc806c28a6c') in 0.019504 seconds 
========================================================================
Received Import Request.
  Time since last request: 13.541355 seconds.
  path: Assets/Gameobject/Obstacle 2 Variant.prefab
  artifactKey: Guid(15a24346d28b357459b0bbc10c77d8fc) Importer(815301076,1909f56bfc062723c751e8b465ee728b)
Start importing Assets/Gameobject/Obstacle 2 Variant.prefab using Guid(15a24346d28b357459b0bbc10c77d8fc) Importer(815301076,1909f56bfc062723c751e8b465ee728b)  -> (artifact id: '281f2d536bc56646a9f432f9094709cd') in 0.016283 seconds 
========================================================================
Received Import Request.
  Time since last request: 2.578099 seconds.
  path: Assets/Gameobject/Obstacle 2 Variant.prefab
  artifactKey: Guid(15a24346d28b357459b0bbc10c77d8fc) Importer(815301076,1909f56bfc062723c751e8b465ee728b)
Start importing Assets/Gameobject/Obstacle 2 Variant.prefab using Guid(15a24346d28b357459b0bbc10c77d8fc) Importer(815301076,1909f56bfc062723c751e8b465ee728b)  -> (artifact id: '91f98b59f87a6c165d598aec03b95614') in 0.012687 seconds 
========================================================================
Received Import Request.
  Time since last request: 25.491495 seconds.
  path: Assets/Gameobject/Obstacle 3 Variant.prefab
  artifactKey: Guid(f25319208b6a58040a92e1e3513e19f7) Importer(815301076,1909f56bfc062723c751e8b465ee728b)
Start importing Assets/Gameobject/Obstacle 3 Variant.prefab using Guid(f25319208b6a58040a92e1e3513e19f7) Importer(815301076,1909f56bfc062723c751e8b465ee728b)  -> (artifact id: 'f4738fccb0505ae37efd367d26f30f87') in 0.018082 seconds 
========================================================================
Received Import Request.
  Time since last request: 4.896434 seconds.
  path: Assets/Gameobject/Obstacle 3 Variant.prefab
  artifactKey: Guid(f25319208b6a58040a92e1e3513e19f7) Importer(815301076,1909f56bfc062723c751e8b465ee728b)
Start importing Assets/Gameobject/Obstacle 3 Variant.prefab using Guid(f25319208b6a58040a92e1e3513e19f7) Importer(815301076,1909f56bfc062723c751e8b465ee728b)  -> (artifact id: 'bd5707ffa1fd3b6a6e81610b403e6119') in 0.013138 seconds 
========================================================================
Received Import Request.
  Time since last request: 1.583713 seconds.
  path: Assets/Gameobject/Obstacle 3 Variant.prefab
  artifactKey: Guid(f25319208b6a58040a92e1e3513e19f7) Importer(815301076,1909f56bfc062723c751e8b465ee728b)
Start importing Assets/Gameobject/Obstacle 3 Variant.prefab using Guid(f25319208b6a58040a92e1e3513e19f7) Importer(815301076,1909f56bfc062723c751e8b465ee728b)  -> (artifact id: 'a218c25f03bccb9859617f81df210f94') in 0.012487 seconds 
========================================================================
Received Import Request.
  Time since last request: 1.599732 seconds.
  path: Assets/Gameobject/Obstacle 3 Variant.prefab
  artifactKey: Guid(f25319208b6a58040a92e1e3513e19f7) Importer(815301076,1909f56bfc062723c751e8b465ee728b)
Start importing Assets/Gameobject/Obstacle 3 Variant.prefab using Guid(f25319208b6a58040a92e1e3513e19f7) Importer(815301076,1909f56bfc062723c751e8b465ee728b)  -> (artifact id: '7ff9721b3d402d632eb290c6dc2ecf3c') in 0.012427 seconds 
========================================================================
Received Import Request.
  Time since last request: 1.387103 seconds.
  path: Assets/Gameobject/Obstacle 3 Variant.prefab
  artifactKey: Guid(f25319208b6a58040a92e1e3513e19f7) Importer(815301076,1909f56bfc062723c751e8b465ee728b)
Start importing Assets/Gameobject/Obstacle 3 Variant.prefab using Guid(f25319208b6a58040a92e1e3513e19f7) Importer(815301076,1909f56bfc062723c751e8b465ee728b)  -> (artifact id: '0a362f5cdca2571ed821e0ca0181b432') in 0.011676 seconds 
========================================================================
Received Import Request.
  Time since last request: 2.820178 seconds.
  path: Assets/Gameobject/Obstacle 3 Variant.prefab
  artifactKey: Guid(f25319208b6a58040a92e1e3513e19f7) Importer(815301076,1909f56bfc062723c751e8b465ee728b)
Start importing Assets/Gameobject/Obstacle 3 Variant.prefab using Guid(f25319208b6a58040a92e1e3513e19f7) Importer(815301076,1909f56bfc062723c751e8b465ee728b)  -> (artifact id: 'c3fd1e55aa50ccb8357fe4915978cd3f') in 0.015387 seconds 
========================================================================
Received Prepare
Registering precompiled user dll's ...
Registered in 0.004442 seconds.
Begin MonoManager ReloadAssembly
Symbol file LoadedFromMemory doesn't match image C:\Users\pablo\Documents\Trabajos\Personal\Unity\Contra todo riesgo\Library\PackageCache\com.unity.visualscripting@1.8.0\Editor\VisualScripting.Core\Dependencies\YamlDotNet\Unity.VisualScripting.YamlDotNet.dll
Symbol file LoadedFromMemory doesn't match image C:\Users\pablo\Documents\Trabajos\Personal\Unity\Contra todo riesgo\Library\PackageCache\com.unity.visualscripting@1.8.0\Editor\VisualScripting.Core\Dependencies\DotNetZip\Unity.VisualScripting.IonicZip.dll
Native extension for WindowsStandalone target not found
Native extension for Android target not found
Native extension for WebGL target not found
Refreshing native plugins compatible for Editor in 0.94 ms, found 3 plugins.
Preloading 0 native plugins for Editor in 0.00 ms.
Mono: successfully reloaded assembly
- Completed reload, in  1.992 seconds
Domain Reload Profiling:
	ReloadAssembly (1993ms)
		BeginReloadAssembly (207ms)
			ExecutionOrderSort (0ms)
			DisableScriptedObjects (11ms)
			BackupInstance (0ms)
			ReleaseScriptingObjects (0ms)
			CreateAndSetChildDomain (63ms)
		EndReloadAssembly (1678ms)
			LoadAssemblies (118ms)
			RebuildTransferFunctionScriptingTraits (0ms)
			SetupTypeCache (589ms)
			ReleaseScriptCaches (2ms)
			RebuildScriptCaches (121ms)
			SetupLoadedEditorAssemblies (692ms)
				LogAssemblyErrors (0ms)
				InitializePlatformSupportModulesInManaged (48ms)
				SetLoadedEditorAssemblies (1ms)
				RefreshPlugins (1ms)
				BeforeProcessingInitializeOnLoad (129ms)
				ProcessInitializeOnLoadAttributes (455ms)
				ProcessInitializeOnLoadMethodAttributes (48ms)
				AfterProcessingInitializeOnLoad (9ms)
				EditorAssembliesLoaded (0ms)
			ExecutionOrderSort2 (0ms)
			AwakeInstancesAfterBackupRestoration (14ms)
Platform modules already initialized, skipping
Refreshing native plugins compatible for Editor in 3.54 ms, found 3 plugins.
Preloading 0 native plugins for Editor in 0.00 ms.
Unloading 3083 Unused Serialized files (Serialized files now loaded: 0)
Unloading 15 unused Assets / (24.7 KB). Loaded Objects now: 3599.
Memory consumption went from 113.3 MB to 113.3 MB.
Total: 10.059500 ms (FindLiveObjects: 0.665700 ms CreateObjectMapping: 0.256000 ms MarkObjects: 9.083100 ms  DeleteObjects: 0.051800 ms)

AssetImportParameters requested are different than current active one (requested -> active):
  custom:video-decoder-ogg-theora: a1e56fd34408186e4bbccfd4996cb3dc -> 
  custom:container-muxer-webm: aa71ff27fc2769a1b78a27578f13a17b -> 
  custom:container-demuxer-webm: 4f35f7cbe854078d1ac9338744f61a02 -> 
  custom:video-encoder-webm-vp8: eb34c28f22e8b96e1ab97ce403110664 -> 
  custom:video-codec-MediaFoundation-h265: 746d11721c4dcdbdad8f713fa42b33f4 -> 
  custom:audio-encoder-webm-vorbis: bf7c407c2cedff20999df2af8eb42d56 -> 
  custom:framework-win-MediaFoundation: 216162199b28c13a410421893ffa2e32 -> 
  custom:container-demuxer-ogg: 62fdf1f143b41e24485cea50d1cbac27 -> 
  custom:video-decoder-webm-vp8: 9c59270c3fd7afecdb556c50c9e8de78 -> 
  custom:audio-decoder-ogg-vorbis: bf7c407c2cedff20999df2af8eb42d56 -> 
========================================================================
Received Import Request.
  Time since last request: 241.480139 seconds.
  path: Assets/Scenes/Level2.unity
  artifactKey: Guid(8b02acad6d0c03f4583b4cc091cc6238) Importer(815301076,1909f56bfc062723c751e8b465ee728b)
Start importing Assets/Scenes/Level2.unity using Guid(8b02acad6d0c03f4583b4cc091cc6238) Importer(815301076,1909f56bfc062723c751e8b465ee728b)  -> (artifact id: '69faee7391c1cfa04e9b48f1f5f1b4ed') in 0.006525 seconds 
========================================================================
Received Prepare
Refreshing native plugins compatible for Editor in 4.34 ms, found 3 plugins.
Preloading 0 native plugins for Editor in 0.00 ms.
Unloading 15 Unused Serialized files (Serialized files now loaded: 0)
Unloading 15 unused Assets / (22.0 KB). Loaded Objects now: 3599.
Memory consumption went from 51.6 MB to 51.6 MB.
Total: 3.984700 ms (FindLiveObjects: 0.293600 ms CreateObjectMapping: 0.159100 ms MarkObjects: 3.500300 ms  DeleteObjects: 0.030800 ms)

AssetImportParameters requested are different than current active one (requested -> active):
  custom:video-decoder-ogg-theora: a1e56fd34408186e4bbccfd4996cb3dc -> 
  custom:container-muxer-webm: aa71ff27fc2769a1b78a27578f13a17b -> 
  custom:container-demuxer-webm: 4f35f7cbe854078d1ac9338744f61a02 -> 
  custom:video-encoder-webm-vp8: eb34c28f22e8b96e1ab97ce403110664 -> 
  custom:video-codec-MediaFoundation-h265: 746d11721c4dcdbdad8f713fa42b33f4 -> 
  custom:audio-encoder-webm-vorbis: bf7c407c2cedff20999df2af8eb42d56 -> 
  custom:framework-win-MediaFoundation: 216162199b28c13a410421893ffa2e32 -> 
  custom:container-demuxer-ogg: 62fdf1f143b41e24485cea50d1cbac27 -> 
  custom:video-decoder-webm-vp8: 9c59270c3fd7afecdb556c50c9e8de78 -> 
  custom:audio-decoder-ogg-vorbis: bf7c407c2cedff20999df2af8eb42d56 -> 
========================================================================
Received Prepare
Refreshing native plugins compatible for Editor in 3.89 ms, found 3 plugins.
Preloading 0 native plugins for Editor in 0.00 ms.
Unloading 15 Unused Serialized files (Serialized files now loaded: 0)
Unloading 15 unused Assets / (22.0 KB). Loaded Objects now: 3599.
Memory consumption went from 51.6 MB to 51.6 MB.
Total: 3.163600 ms (FindLiveObjects: 0.231000 ms CreateObjectMapping: 0.145000 ms MarkObjects: 2.765700 ms  DeleteObjects: 0.021000 ms)

AssetImportParameters requested are different than current active one (requested -> active):
  custom:video-decoder-ogg-theora: a1e56fd34408186e4bbccfd4996cb3dc -> 
  custom:container-muxer-webm: aa71ff27fc2769a1b78a27578f13a17b -> 
  custom:container-demuxer-webm: 4f35f7cbe854078d1ac9338744f61a02 -> 
  custom:video-encoder-webm-vp8: eb34c28f22e8b96e1ab97ce403110664 -> 
  custom:video-codec-MediaFoundation-h265: 746d11721c4dcdbdad8f713fa42b33f4 -> 
  custom:audio-encoder-webm-vorbis: bf7c407c2cedff20999df2af8eb42d56 -> 
  custom:framework-win-MediaFoundation: 216162199b28c13a410421893ffa2e32 -> 
  custom:container-demuxer-ogg: 62fdf1f143b41e24485cea50d1cbac27 -> 
  custom:video-decoder-webm-vp8: 9c59270c3fd7afecdb556c50c9e8de78 -> 
  custom:audio-decoder-ogg-vorbis: bf7c407c2cedff20999df2af8eb42d56 -> 
========================================================================
Received Prepare
Refreshing native plugins compatible for Editor in 3.30 ms, found 3 plugins.
Preloading 0 native plugins for Editor in 0.00 ms.
Unloading 15 Unused Serialized files (Serialized files now loaded: 0)
Unloading 15 unused Assets / (22.0 KB). Loaded Objects now: 3599.
Memory consumption went from 51.6 MB to 51.6 MB.
Total: 3.404900 ms (FindLiveObjects: 0.294700 ms CreateObjectMapping: 0.143300 ms MarkObjects: 2.928500 ms  DeleteObjects: 0.037500 ms)

AssetImportParameters requested are different than current active one (requested -> active):
  custom:video-decoder-ogg-theora: a1e56fd34408186e4bbccfd4996cb3dc -> 
  custom:container-muxer-webm: aa71ff27fc2769a1b78a27578f13a17b -> 
  custom:container-demuxer-webm: 4f35f7cbe854078d1ac9338744f61a02 -> 
  custom:video-encoder-webm-vp8: eb34c28f22e8b96e1ab97ce403110664 -> 
  custom:video-codec-MediaFoundation-h265: 746d11721c4dcdbdad8f713fa42b33f4 -> 
  custom:audio-encoder-webm-vorbis: bf7c407c2cedff20999df2af8eb42d56 -> 
  custom:framework-win-MediaFoundation: 216162199b28c13a410421893ffa2e32 -> 
  custom:container-demuxer-ogg: 62fdf1f143b41e24485cea50d1cbac27 -> 
  custom:video-decoder-webm-vp8: 9c59270c3fd7afecdb556c50c9e8de78 -> 
  custom:audio-decoder-ogg-vorbis: bf7c407c2cedff20999df2af8eb42d56 -> 
